2013/07/12 15:29:36,006 WARN  PMDCheckAction                   The selected object cannot adapt to a resource
2013/07/12 15:29:36,386 ERROR PMDPlugin                        Exception when counting elements of a project
org.eclipse.core.internal.resources.ResourceException: Resource '/termination-clearance-ear/src/main/java' does not exist.
	at org.eclipse.core.internal.resources.Resource.checkExists(Resource.java:341)
	at org.eclipse.core.internal.resources.Resource.checkAccessible(Resource.java:215)
	at org.eclipse.core.internal.resources.Resource.accept(Resource.java:62)
	at org.eclipse.core.internal.resources.Resource.accept(Resource.java:52)
	at org.eclipse.core.internal.resources.Resource.accept(Resource.java:124)
	at org.eclipse.core.internal.resources.Resource.accept(Resource.java:108)
	at net.sourceforge.pmd.eclipse.runtime.cmd.ReviewCodeCmd.countResourceElement(ReviewCodeCmd.java:570)
	at net.sourceforge.pmd.eclipse.runtime.cmd.ReviewCodeCmd.processResource(ReviewCodeCmd.java:369)
	at net.sourceforge.pmd.eclipse.runtime.cmd.ReviewCodeCmd.processProject(ReviewCodeCmd.java:433)
	at net.sourceforge.pmd.eclipse.runtime.cmd.ReviewCodeCmd.processResources(ReviewCodeCmd.java:342)
	at net.sourceforge.pmd.eclipse.runtime.cmd.ReviewCodeCmd.execute(ReviewCodeCmd.java:187)
	at net.sourceforge.pmd.eclipse.runtime.cmd.JobCommandProcessor$1.run(JobCommandProcessor.java:85)
	at org.eclipse.core.internal.jobs.Worker.run(Worker.java:53)
2013/07/12 15:29:36,389 ERROR PMDPlugin                        Error executing command ReviewCode
name.herlin.command.CommandException: org.eclipse.core.internal.resources.ResourceException: Resource '/termination-clearance-ear/src/main/java' does not exist.
	at net.sourceforge.pmd.eclipse.runtime.cmd.ReviewCodeCmd.processResource(ReviewCodeCmd.java:397)
	at net.sourceforge.pmd.eclipse.runtime.cmd.ReviewCodeCmd.processProject(ReviewCodeCmd.java:433)
	at net.sourceforge.pmd.eclipse.runtime.cmd.ReviewCodeCmd.processResources(ReviewCodeCmd.java:342)
	at net.sourceforge.pmd.eclipse.runtime.cmd.ReviewCodeCmd.execute(ReviewCodeCmd.java:187)
	at net.sourceforge.pmd.eclipse.runtime.cmd.JobCommandProcessor$1.run(JobCommandProcessor.java:85)
	at org.eclipse.core.internal.jobs.Worker.run(Worker.java:53)
Caused by: org.eclipse.core.internal.resources.ResourceException: Resource '/termination-clearance-ear/src/main/java' does not exist.
	at org.eclipse.core.internal.resources.Resource.checkExists(Resource.java:341)
	at org.eclipse.core.internal.resources.Resource.checkAccessible(Resource.java:215)
	at org.eclipse.core.internal.resources.Resource.accept(Resource.java:62)
	at org.eclipse.core.internal.resources.Resource.accept(Resource.java:52)
	at org.eclipse.core.internal.resources.Resource.accept(Resource.java:124)
	at org.eclipse.core.internal.resources.Resource.accept(Resource.java:108)
	at net.sourceforge.pmd.eclipse.runtime.cmd.ReviewCodeCmd.processResource(ReviewCodeCmd.java:382)
	... 5 more
